<?xml version="1.0" encoding="UTF-8" ?>
<testsuite errors="0" failures="0" hostname="胡飞鹄-HP" name="com.park.parkingBoyTest" tests="3" time="0.0060" timestamp="2012-12-21T04:01:59">
  <properties />
  <testcase classname="com.park.parkingBoyTest" name="test_reporting" time="0.0030" />
  <testcase classname="com.park.parkingBoyTest" name="test_parkboy_push_a_car_when_lots_have_space_successly" time="0.0010" />
  <testcase classname="com.park.parkingBoyTest" name="test_parkboy_get_a_car_when_lots_have_a_car_successly" time="0.0" />
  <system-out><![CDATA[]]></system-out>
  <system-err><![CDATA[]]></system-err>
</testsuite>
